2020-05-24 11:17:24 0 [Note] InnoDB: Using Linux native AIO
2020-05-24 11:17:24 0 [Note] InnoDB: Mutexes and rw_locks use GCC atomic builtins
2020-05-24 11:17:24 0 [Note] InnoDB: Uses event mutexes
2020-05-24 11:17:24 0 [Note] InnoDB: Compressed tables use zlib 1.2.11
2020-05-24 11:17:24 0 [Note] InnoDB: Number of pools: 1
2020-05-24 11:17:24 0 [Note] InnoDB: Using SSE2 crc32 instructions
2020-05-24 11:17:24 0 [Note] mysqld: O_TMPFILE is not supported on /var/tmp (disabling future attempts)
2020-05-24 11:17:24 0 [Note] InnoDB: Initializing buffer pool, total size = 128M, instances = 1, chunk size = 128M
2020-05-24 11:17:24 0 [Note] InnoDB: Completed initialization of buffer pool
2020-05-24 11:17:24 0 [Note] InnoDB: If the mysqld execution user is authorized, page cleaner thread priority can be changed. See the man page of setpriority().
2020-05-24 11:17:24 0 [Note] InnoDB: 128 out of 128 rollback segments are active.
2020-05-24 11:17:24 0 [Note] InnoDB: Creating shared tablespace for temporary tables
2020-05-24 11:17:24 0 [Note] InnoDB: Setting file './ibtmp1' size to 12 MB. Physically writing the file full; Please wait ...
2020-05-24 11:17:24 0 [Note] InnoDB: File './ibtmp1' size is now 12 MB.
2020-05-24 11:17:24 0 [Note] InnoDB: Waiting for purge to start
2020-05-24 11:17:24 0 [Note] InnoDB: 10.4.12 started; log sequence number 463084; transaction id 701
2020-05-24 11:17:24 0 [Note] InnoDB: Loading buffer pool(s) from /home/fedora/.local/share/akonadi/db_data/ib_buffer_pool
2020-05-24 11:17:24 0 [Note] Plugin 'FEEDBACK' is disabled.
2020-05-24 11:17:24 0 [Note] InnoDB: Buffer pool(s) load completed at 200524 11:17:24
2020-05-24 11:17:25 0 [Note] Reading of all Master_info entries succeeded
2020-05-24 11:17:25 0 [Note] Added new Master_info '' to hash table
2020-05-24 11:17:25 0 [Note] /usr/libexec/mysqld: ready for connections.
Version: '10.4.12-MariaDB'  socket: '/run/user/1000/akonadi/mysql.socket'  port: 0  MariaDB Server
2020-05-24 11:27:06 0 [Note] /usr/libexec/mysqld (initiated by: [fedora] @ localhost []): Normal shutdown
2020-05-24 11:27:06 0 [Note] InnoDB: FTS optimize thread exiting.
2020-05-24 11:27:07 0 [Note] InnoDB: Starting shutdown...
2020-05-24 11:27:07 0 [Note] InnoDB: Dumping buffer pool(s) to /home/fedora/.local/share/akonadi/db_data/ib_buffer_pool
2020-05-24 11:27:07 0 [Note] InnoDB: Buffer pool(s) dump completed at 200524 11:27:07
2020-05-24 11:27:08 0 [Note] InnoDB: Shutdown completed; log sequence number 463093; transaction id 722
2020-05-24 11:27:08 0 [Note] InnoDB: Removed temporary tablespace data file: "ibtmp1"
2020-05-24 11:27:09 0 [Note] /usr/libexec/mysqld: Shutdown complete

